============================================================
Time  2023/03/14 00:55:16 785 
============================================================
[2023/03/14 00:55:16 785] tts        811  SYS_MSG_REGCB param0 =  msp_status_cb  param1 =  func(6c0165e0) 
[2023/03/14 00:55:16 786] config     43   use general cloud  
[2023/03/14 00:55:16 789] tts_cloud  1438 SYS_MSG_REGCB_CLOUD param0 =   msp_status_cb  param1 =  func(6c0165e0) 
[2023/03/14 00:55:16 789] tts        782  TTS_MSG_SSB  
[2023/03/14 00:55:16 789] tts        434  params =  engine_type = local,voice_name=xiaoyan, text_encoding = UTF8, tts_res_path = fo|res/tts/xiaoyan.jet;fo|res/tts/common.jet, sample_rate = 16000, speed = 50, volume = 50, pitch = 50, rdn = 2  
[2023/03/14 00:55:16 789] tts        273  auf=audio/L16;rate=16000  
[2023/03/14 00:55:16 789] tts        273  auf=audio/L16;rate=16000  
[2023/03/14 00:55:16 789] tts        471  ssb|use local  
[2023/03/14 00:55:16 789] tts        385  local_session_begin  
[2023/03/14 00:55:16 791] tts        789  TTS_MSG_SYN  0  
[2023/03/14 00:55:16 791] tts        514  synth|use local  
[2023/03/14 00:55:16 792] tts        792  TTS_MSG_GETAUDIO  0  
[2023/03/14 00:55:16 792] tts        557  get audio|use local  
[2023/03/14 00:55:16 792] tts        599  0  nil  1  
[2023/03/14 00:55:16 793] tts        792  TTS_MSG_GETAUDIO  0  
[2023/03/14 00:55:16 797] tts        557  get audio|use local  
[2023/03/14 00:55:16 797] tts        599  0  nil  1  
[2023/03/14 00:55:16 798] tts        792  TTS_MSG_GETAUDIO  0  
[2023/03/14 00:55:16 798] tts        557  get audio|use local  
[2023/03/14 00:55:16 798] tts        599  0  nil  1  
[2023/03/14 00:55:16 799] tts        792  TTS_MSG_GETAUDIO  0  
[2023/03/14 00:55:16 799] tts        557  get audio|use local  
[2023/03/14 00:55:16 799] tts        599  0  nil  1  
[2023/03/14 00:55:16 800] tts        792  TTS_MSG_GETAUDIO  0  
[2023/03/14 00:55:16 800] tts        557  get audio|use local  
[2023/03/14 00:55:16 800] tts        599  0  nil  1  
[2023/03/14 00:55:16 800] tts        792  TTS_MSG_GETAUDIO  0  
[2023/03/14 00:55:16 800] tts        557  get audio|use local  
[2023/03/14 00:55:16 800] tts        599  0  nil  1  
[2023/03/14 00:55:16 801] tts        792  TTS_MSG_GETAUDIO  0  
[2023/03/14 00:55:16 801] tts        557  get audio|use local  
[2023/03/14 00:55:16 801] tts        599  0  nil  1  
[2023/03/14 00:55:16 801] tts        792  TTS_MSG_GETAUDIO  0  
[2023/03/14 00:55:16 801] tts        557  get audio|use local  
[2023/03/14 00:55:16 801] tts        599  0  nil  1  
[2023/03/14 00:55:16 801] tts        792  TTS_MSG_GETAUDIO  0  
[2023/03/14 00:55:16 801] tts        557  get audio|use local  
[2023/03/14 00:55:16 801] tts        599  0  nil  1  
[2023/03/14 00:55:16 802] tts        792  TTS_MSG_GETAUDIO  0  
[2023/03/14 00:55:16 803] tts        557  get audio|use local  
[2023/03/14 00:55:16 803] tts        599  0  nil  1  
[2023/03/14 00:55:16 803] tts        792  TTS_MSG_GETAUDIO  0  
[2023/03/14 00:55:16 803] tts        557  get audio|use local  
[2023/03/14 00:55:16 803] tts        599  0  nil  1  
[2023/03/14 00:55:16 804] tts        792  TTS_MSG_GETAUDIO  0  
[2023/03/14 00:55:16 804] tts        557  get audio|use local  
[2023/03/14 00:55:16 804] tts        599  0  nil  1  
[2023/03/14 00:55:16 804] tts        792  TTS_MSG_GETAUDIO  0  
[2023/03/14 00:55:16 804] tts        557  get audio|use local  
[2023/03/14 00:55:16 804] tts        599  0  nil  1  
[2023/03/14 00:55:16 804] tts        792  TTS_MSG_GETAUDIO  0  
[2023/03/14 00:55:16 804] tts        557  get audio|use local  
[2023/03/14 00:55:16 804] tts        599  0  nil  1  
[2023/03/14 00:55:16 805] tts        792  TTS_MSG_GETAUDIO  0  
[2023/03/14 00:55:16 805] tts        557  get audio|use local  
[2023/03/14 00:55:16 805] tts        599  0  nil  1  
[2023/03/14 00:55:16 805] tts        792  TTS_MSG_GETAUDIO  0  
[2023/03/14 00:55:16 805] tts        557  get audio|use local  
[2023/03/14 00:55:16 805] tts        599  0  nil  1  
[2023/03/14 00:55:16 807] tts        792  TTS_MSG_GETAUDIO  0  
[2023/03/14 00:55:16 807] tts        557  get audio|use local  
[2023/03/14 00:55:16 807] tts        599  0  nil  1  
[2023/03/14 00:55:16 808] tts        792  TTS_MSG_GETAUDIO  0  
[2023/03/14 00:55:16 808] tts        557  get audio|use local  
[2023/03/14 00:55:16 808] tts        599  0  nil  1  
[2023/03/14 00:55:16 810] tts        792  TTS_MSG_GETAUDIO  0  
[2023/03/14 00:55:16 810] tts        557  get audio|use local  
[2023/03/14 00:55:16 810] tts        599  0  nil  1  
[2023/03/14 00:55:16 810] tts        792  TTS_MSG_GETAUDIO  0  
[2023/03/14 00:55:16 810] tts        557  get audio|use local  
[2023/03/14 00:55:16 810] tts        599  0  nil  1  
[2023/03/14 00:55:16 811] tts        792  TTS_MSG_GETAUDIO  0  
[2023/03/14 00:55:16 811] tts        557  get audio|use local  
[2023/03/14 00:55:16 811] tts        599  0  nil  1  
[2023/03/14 00:55:16 811] tts        792  TTS_MSG_GETAUDIO  0  
[2023/03/14 00:55:16 811] tts        557  get audio|use local  
[2023/03/14 00:55:16 811] tts        599  0  nil  1  
[2023/03/14 00:55:16 814] tts        792  TTS_MSG_GETAUDIO  0  
[2023/03/14 00:55:16 814] tts        557  get audio|use local  
[2023/03/14 00:55:16 815] tts        599  0  nil  1  
[2023/03/14 00:55:16 816] tts        792  TTS_MSG_GETAUDIO  0  
[2023/03/14 00:55:16 816] tts        557  get audio|use local  
[2023/03/14 00:55:16 816] tts        599  0  nil  1  
[2023/03/14 00:55:16 817] tts        792  TTS_MSG_GETAUDIO  0  
[2023/03/14 00:55:16 817] tts        557  get audio|use local  
[2023/03/14 00:55:16 817] tts        599  0  nil  1  
[2023/03/14 00:55:16 818] tts        792  TTS_MSG_GETAUDIO  0  
[2023/03/14 00:55:16 818] tts        557  get audio|use local  
[2023/03/14 00:55:16 818] tts        599  0  nil  1  
[2023/03/14 00:55:16 819] tts        792  TTS_MSG_GETAUDIO  0  
[2023/03/14 00:55:16 820] tts        557  get audio|use local  
[2023/03/14 00:55:16 820] tts        599  0  nil  1  
[2023/03/14 00:55:16 820] tts        792  TTS_MSG_GETAUDIO  0  
[2023/03/14 00:55:16 820] tts        557  get audio|use local  
[2023/03/14 00:55:16 820] tts        599  0  nil  1  
[2023/03/14 00:55:16 823] tts        792  TTS_MSG_GETAUDIO  0  
[2023/03/14 00:55:16 823] tts        557  get audio|use local  
[2023/03/14 00:55:16 824] tts        599  0  nil  1  
[2023/03/14 00:55:16 835] tts        792  TTS_MSG_GETAUDIO  0  
[2023/03/14 00:55:16 835] tts        557  get audio|use local  
[2023/03/14 00:55:16 836] tts        599  0  nil  1  
[2023/03/14 00:55:16 837] tts        792  TTS_MSG_GETAUDIO  0  
[2023/03/14 00:55:16 837] tts        557  get audio|use local  
[2023/03/14 00:55:16 837] tts        599  0  nil  1  
[2023/03/14 00:55:16 837] tts        792  TTS_MSG_GETAUDIO  0  
[2023/03/14 00:55:16 837] tts        557  get audio|use local  
[2023/03/14 00:55:16 837] tts        599  0  nil  1  
[2023/03/14 00:55:16 837] tts        792  TTS_MSG_GETAUDIO  0  
[2023/03/14 00:55:16 837] tts        557  get audio|use local  
[2023/03/14 00:55:16 837] tts        599  0  nil  1  
[2023/03/14 00:55:16 838] tts        792  TTS_MSG_GETAUDIO  0  
[2023/03/14 00:55:16 838] tts        557  get audio|use local  
[2023/03/14 00:55:16 838] tts        599  0  nil  1  
[2023/03/14 00:55:16 840] tts        792  TTS_MSG_GETAUDIO  0  
[2023/03/14 00:55:16 840] tts        557  get audio|use local  
[2023/03/14 00:55:16 841] tts        599  0  nil  1  
[2023/03/14 00:55:16 841] tts        792  TTS_MSG_GETAUDIO  0  
[2023/03/14 00:55:16 841] tts        557  get audio|use local  
[2023/03/14 00:55:16 841] tts        599  0  nil  1  
[2023/03/14 00:55:16 841] tts        792  TTS_MSG_GETAUDIO  0  
[2023/03/14 00:55:16 841] tts        557  get audio|use local  
[2023/03/14 00:55:16 841] tts        599  0  nil  1  
[2023/03/14 00:55:16 843] tts        792  TTS_MSG_GETAUDIO  0  
[2023/03/14 00:55:16 843] tts        557  get audio|use local  
[2023/03/14 00:55:16 846] tts        599  0  nil  1  
[2023/03/14 00:55:16 848] tts        301  TTS_LOCAL_CB_BEGIN  
[2023/03/14 00:55:16 860] tts        792  TTS_MSG_GETAUDIO  0  
[2023/03/14 00:55:16 860] tts        557  get audio|use local  
[2023/03/14 00:55:16 860] tts        599  0  nil  1  
[2023/03/14 00:55:16 862] tts        792  TTS_MSG_GETAUDIO  0  
[2023/03/14 00:55:16 863] tts        557  get audio|use local  
[2023/03/14 00:55:16 863] tts        599  0  nil  1  
[2023/03/14 00:55:16 864] tts        792  TTS_MSG_GETAUDIO  0  
[2023/03/14 00:55:16 864] tts        557  get audio|use local  
[2023/03/14 00:55:16 864] tts        599  0  nil  1  
[2023/03/14 00:55:16 865] tts        792  TTS_MSG_GETAUDIO  0  
[2023/03/14 00:55:16 865] tts        557  get audio|use local  
[2023/03/14 00:55:16 865] tts        599  0  nil  1  
[2023/03/14 00:55:16 866] tts        792  TTS_MSG_GETAUDIO  0  
[2023/03/14 00:55:16 866] tts        557  get audio|use local  
[2023/03/14 00:55:16 866] tts        599  0  nil  1  
[2023/03/14 00:55:16 868] tts        792  TTS_MSG_GETAUDIO  0  
[2023/03/14 00:55:16 868] tts        557  get audio|use local  
[2023/03/14 00:55:16 868] tts        599  0  nil  1  
[2023/03/14 00:55:16 869] tts        792  TTS_MSG_GETAUDIO  0  
[2023/03/14 00:55:16 869] tts        557  get audio|use local  
[2023/03/14 00:55:16 869] tts        599  0  nil  1  
[2023/03/14 00:55:16 870] tts        792  TTS_MSG_GETAUDIO  0  
[2023/03/14 00:55:16 870] tts        557  get audio|use local  
[2023/03/14 00:55:16 870] tts        599  0  nil  1  
[2023/03/14 00:55:16 872] tts        792  TTS_MSG_GETAUDIO  0  
[2023/03/14 00:55:16 872] tts        557  get audio|use local  
[2023/03/14 00:55:16 872] tts        599  0  nil  1  
[2023/03/14 00:55:16 872] tts        792  TTS_MSG_GETAUDIO  0  
[2023/03/14 00:55:16 872] tts        557  get audio|use local  
[2023/03/14 00:55:16 872] tts        599  0  nil  1  
[2023/03/14 00:55:16 873] tts        792  TTS_MSG_GETAUDIO  0  
[2023/03/14 00:55:16 873] tts        557  get audio|use local  
[2023/03/14 00:55:16 873] tts        599  0  nil  1  
[2023/03/14 00:55:16 874] tts        792  TTS_MSG_GETAUDIO  0  
[2023/03/14 00:55:16 874] tts        557  get audio|use local  
[2023/03/14 00:55:16 874] tts        599  0  nil  1  
[2023/03/14 00:55:16 876] tts        792  TTS_MSG_GETAUDIO  0  
[2023/03/14 00:55:16 876] tts        557  get audio|use local  
[2023/03/14 00:55:16 876] tts        599  0  nil  1  
[2023/03/14 00:55:16 877] tts        792  TTS_MSG_GETAUDIO  0  
[2023/03/14 00:55:16 877] tts        557  get audio|use local  
[2023/03/14 00:55:16 877] tts        599  0  nil  1  
[2023/03/14 00:55:16 879] tts        792  TTS_MSG_GETAUDIO  0  
[2023/03/14 00:55:16 879] tts        557  get audio|use local  
[2023/03/14 00:55:16 879] tts        599  0  nil  1  
[2023/03/14 00:55:16 880] tts        792  TTS_MSG_GETAUDIO  0  
[2023/03/14 00:55:16 880] tts        557  get audio|use local  
[2023/03/14 00:55:16 880] tts        599  0  nil  1  
[2023/03/14 00:55:16 884] tts        317  TTS_LOCAL_CB_OUTPUT  101  udata(6c071e78) 15  
[2023/03/14 00:55:16 885] tts        321  udata(6c071e78) 15  
[2023/03/14 00:55:16 885] tts        317  TTS_LOCAL_CB_OUTPUT  101  udata(6c072038) 15  
[2023/03/14 00:55:16 885] tts        321  udata(6c072038) 15  
[2023/03/14 00:55:16 885] tts        317  TTS_LOCAL_CB_OUTPUT  101  udata(6c072138) 15  
[2023/03/14 00:55:16 885] tts        321  udata(6c072138) 15  
[2023/03/14 00:55:16 885] tts        317  TTS_LOCAL_CB_OUTPUT  101  udata(6c072238) 15  
[2023/03/14 00:55:16 885] tts        321  udata(6c072238) 15  
[2023/03/14 00:55:16 886] tts        317  TTS_LOCAL_CB_OUTPUT  101  udata(6c072338) 15  
[2023/03/14 00:55:16 886] tts        321  udata(6c072338) 15  
[2023/03/14 00:55:16 886] tts        317  TTS_LOCAL_CB_OUTPUT  101  udata(6c072438) 15  
[2023/03/14 00:55:16 886] tts        321  udata(6c072438) 15  
[2023/03/14 00:55:16 886] tts        303  0  0  
[2023/03/14 00:55:16 886] tts        314  TTS_LOCAL_CB_END,  2  
[2023/03/14 00:55:16 886] tts        792  TTS_MSG_GETAUDIO  0  
[2023/03/14 00:55:16 886] tts        557  get audio|use local  
[2023/03/14 00:55:16 886] tts        570  local audiolen:  212  ,ced:  15  
[2023/03/14 00:55:16 886] tts        599  0  udata(6c072f38) 1  
[2023/03/14 00:55:16 887] tts        792  TTS_MSG_GETAUDIO  0  
[2023/03/14 00:55:16 888] tts        557  get audio|use local  
[2023/03/14 00:55:16 888] tts        570  local audiolen:  9934  ,ced:  15  
[2023/03/14 00:55:16 888] tts        599  0  udata(6c071e28) 1  
[2023/03/14 00:55:16 888] tts        792  TTS_MSG_GETAUDIO  0  
[2023/03/14 00:55:16 888] tts        557  get audio|use local  
[2023/03/14 00:55:16 888] tts        570  local audiolen:  5256  ,ced:  15  
[2023/03/14 00:55:16 888] tts        599  0  udata(6c072508) 1  
[2023/03/14 00:55:16 889] tts        792  TTS_MSG_GETAUDIO  0  
[2023/03/14 00:55:16 889] tts        557  get audio|use local  
[2023/03/14 00:55:16 889] tts        570  local audiolen:  9662  ,ced:  15  
[2023/03/14 00:55:16 889] tts        599  0  udata(6c071f18) 1  
[2023/03/14 00:55:16 890] tts        792  TTS_MSG_GETAUDIO  0  
[2023/03/14 00:55:16 890] tts        557  get audio|use local  
[2023/03/14 00:55:16 890] tts        570  local audiolen:  2804  ,ced:  15  
[2023/03/14 00:55:16 890] tts        599  0  udata(6c071f68) 1  
[2023/03/14 00:55:16 891] tts        792  TTS_MSG_GETAUDIO  0  
[2023/03/14 00:55:16 891] tts        557  get audio|use local  
[2023/03/14 00:55:16 891] tts        570  local audiolen:  11590  ,ced:  15  
[2023/03/14 00:55:16 891] tts        599  0  udata(6c072f88) 2  
[2023/03/14 00:55:16 891] tts        795  TTS_MSG_SSE  
[2023/03/14 00:55:16 892] tts        693  sse|use local  
[2023/03/14 00:55:16 894] tts        711  tts exit  
