============================================================
Time  2023/03/14 01:50:28 331 
============================================================
[2023/03/14 01:50:28 331] tts        811  SYS_MSG_REGCB param0 =  msp_status_cb  param1 =  func(fc016610) 
[2023/03/14 01:50:28 332] config     43   use general cloud  
[2023/03/14 01:50:28 334] tts_cloud  1438 SYS_MSG_REGCB_CLOUD param0 =   msp_status_cb  param1 =  func(fc016610) 
[2023/03/14 01:50:28 335] tts        782  TTS_MSG_SSB  
[2023/03/14 01:50:28 335] tts        434  params =  engine_type = local,voice_name=xiaoyan, text_encoding = UTF8, tts_res_path = fo|res/tts/xiaoyan.jet;fo|res/tts/common.jet, sample_rate = 16000, speed = 50, volume = 50, pitch = 50, rdn = 2  
[2023/03/14 01:50:28 335] tts        273  auf=audio/L16;rate=16000  
[2023/03/14 01:50:28 335] tts        273  auf=audio/L16;rate=16000  
[2023/03/14 01:50:28 335] tts        471  ssb|use local  
[2023/03/14 01:50:28 335] tts        385  local_session_begin  
[2023/03/14 01:50:28 337] tts        789  TTS_MSG_SYN  0  
[2023/03/14 01:50:28 337] tts        514  synth|use local  
[2023/03/14 01:50:28 338] tts        792  TTS_MSG_GETAUDIO  0  
[2023/03/14 01:50:28 338] tts        557  get audio|use local  
[2023/03/14 01:50:28 338] tts        599  0  nil  1  
[2023/03/14 01:50:28 339] tts        792  TTS_MSG_GETAUDIO  0  
[2023/03/14 01:50:28 339] tts        557  get audio|use local  
[2023/03/14 01:50:28 339] tts        599  0  nil  1  
[2023/03/14 01:50:28 339] tts        792  TTS_MSG_GETAUDIO  0  
[2023/03/14 01:50:28 340] tts        557  get audio|use local  
[2023/03/14 01:50:28 340] tts        599  0  nil  1  
[2023/03/14 01:50:28 340] tts        792  TTS_MSG_GETAUDIO  0  
[2023/03/14 01:50:28 340] tts        557  get audio|use local  
[2023/03/14 01:50:28 340] tts        599  0  nil  1  
[2023/03/14 01:50:28 341] tts        792  TTS_MSG_GETAUDIO  0  
[2023/03/14 01:50:28 341] tts        557  get audio|use local  
[2023/03/14 01:50:28 341] tts        599  0  nil  1  
[2023/03/14 01:50:28 342] tts        792  TTS_MSG_GETAUDIO  0  
[2023/03/14 01:50:28 342] tts        557  get audio|use local  
[2023/03/14 01:50:28 342] tts        599  0  nil  1  
[2023/03/14 01:50:28 342] tts        792  TTS_MSG_GETAUDIO  0  
[2023/03/14 01:50:28 342] tts        557  get audio|use local  
[2023/03/14 01:50:28 342] tts        599  0  nil  1  
[2023/03/14 01:50:28 342] tts        792  TTS_MSG_GETAUDIO  0  
[2023/03/14 01:50:28 342] tts        557  get audio|use local  
[2023/03/14 01:50:28 342] tts        599  0  nil  1  
[2023/03/14 01:50:28 343] tts        792  TTS_MSG_GETAUDIO  0  
[2023/03/14 01:50:28 343] tts        557  get audio|use local  
[2023/03/14 01:50:28 343] tts        599  0  nil  1  
[2023/03/14 01:50:28 343] tts        792  TTS_MSG_GETAUDIO  0  
[2023/03/14 01:50:28 344] tts        557  get audio|use local  
[2023/03/14 01:50:28 344] tts        599  0  nil  1  
[2023/03/14 01:50:28 345] tts        792  TTS_MSG_GETAUDIO  0  
[2023/03/14 01:50:28 345] tts        557  get audio|use local  
[2023/03/14 01:50:28 345] tts        599  0  nil  1  
[2023/03/14 01:50:28 346] tts        792  TTS_MSG_GETAUDIO  0  
[2023/03/14 01:50:28 346] tts        557  get audio|use local  
[2023/03/14 01:50:28 347] tts        599  0  nil  1  
[2023/03/14 01:50:28 348] tts        792  TTS_MSG_GETAUDIO  0  
[2023/03/14 01:50:28 349] tts        557  get audio|use local  
[2023/03/14 01:50:28 349] tts        599  0  nil  1  
[2023/03/14 01:50:28 350] tts        792  TTS_MSG_GETAUDIO  0  
[2023/03/14 01:50:28 350] tts        557  get audio|use local  
[2023/03/14 01:50:28 351] tts        599  0  nil  1  
[2023/03/14 01:50:28 351] tts        792  TTS_MSG_GETAUDIO  0  
[2023/03/14 01:50:28 351] tts        557  get audio|use local  
[2023/03/14 01:50:28 351] tts        599  0  nil  1  
[2023/03/14 01:50:28 352] tts        792  TTS_MSG_GETAUDIO  0  
[2023/03/14 01:50:28 352] tts        557  get audio|use local  
[2023/03/14 01:50:28 352] tts        599  0  nil  1  
[2023/03/14 01:50:28 353] tts        792  TTS_MSG_GETAUDIO  0  
[2023/03/14 01:50:28 353] tts        557  get audio|use local  
[2023/03/14 01:50:28 353] tts        599  0  nil  1  
[2023/03/14 01:50:28 353] tts        792  TTS_MSG_GETAUDIO  0  
[2023/03/14 01:50:28 353] tts        557  get audio|use local  
[2023/03/14 01:50:28 353] tts        599  0  nil  1  
[2023/03/14 01:50:28 353] tts        792  TTS_MSG_GETAUDIO  0  
[2023/03/14 01:50:28 354] tts        557  get audio|use local  
[2023/03/14 01:50:28 354] tts        599  0  nil  1  
[2023/03/14 01:50:28 354] tts        792  TTS_MSG_GETAUDIO  0  
[2023/03/14 01:50:28 355] tts        557  get audio|use local  
[2023/03/14 01:50:28 355] tts        599  0  nil  1  
[2023/03/14 01:50:28 356] tts        792  TTS_MSG_GETAUDIO  0  
[2023/03/14 01:50:28 356] tts        557  get audio|use local  
[2023/03/14 01:50:28 356] tts        599  0  nil  1  
[2023/03/14 01:50:28 357] tts        792  TTS_MSG_GETAUDIO  0  
[2023/03/14 01:50:28 358] tts        557  get audio|use local  
[2023/03/14 01:50:28 358] tts        599  0  nil  1  
[2023/03/14 01:50:28 359] tts        792  TTS_MSG_GETAUDIO  0  
[2023/03/14 01:50:28 359] tts        557  get audio|use local  
[2023/03/14 01:50:28 359] tts        599  0  nil  1  
[2023/03/14 01:50:28 362] tts        792  TTS_MSG_GETAUDIO  0  
[2023/03/14 01:50:28 362] tts        557  get audio|use local  
[2023/03/14 01:50:28 362] tts        599  0  nil  1  
[2023/03/14 01:50:28 363] tts        792  TTS_MSG_GETAUDIO  0  
[2023/03/14 01:50:28 363] tts        557  get audio|use local  
[2023/03/14 01:50:28 363] tts        599  0  nil  1  
[2023/03/14 01:50:28 364] tts        792  TTS_MSG_GETAUDIO  0  
[2023/03/14 01:50:28 364] tts        557  get audio|use local  
[2023/03/14 01:50:28 364] tts        599  0  nil  1  
[2023/03/14 01:50:28 366] tts        792  TTS_MSG_GETAUDIO  0  
[2023/03/14 01:50:28 366] tts        557  get audio|use local  
[2023/03/14 01:50:28 366] tts        599  0  nil  1  
[2023/03/14 01:50:28 368] tts        792  TTS_MSG_GETAUDIO  0  
[2023/03/14 01:50:28 369] tts        557  get audio|use local  
[2023/03/14 01:50:28 369] tts        599  0  nil  1  
[2023/03/14 01:50:28 369] tts        792  TTS_MSG_GETAUDIO  0  
[2023/03/14 01:50:28 369] tts        557  get audio|use local  
[2023/03/14 01:50:28 369] tts        599  0  nil  1  
[2023/03/14 01:50:28 369] tts        792  TTS_MSG_GETAUDIO  0  
[2023/03/14 01:50:28 369] tts        557  get audio|use local  
[2023/03/14 01:50:28 370] tts        599  0  nil  1  
[2023/03/14 01:50:28 371] tts        792  TTS_MSG_GETAUDIO  0  
[2023/03/14 01:50:28 375] tts        557  get audio|use local  
[2023/03/14 01:50:28 375] tts        599  0  nil  1  
[2023/03/14 01:50:28 376] tts        301  TTS_LOCAL_CB_BEGIN  
[2023/03/14 01:50:28 376] tts        792  TTS_MSG_GETAUDIO  0  
[2023/03/14 01:50:28 376] tts        557  get audio|use local  
[2023/03/14 01:50:28 376] tts        599  0  nil  1  
[2023/03/14 01:50:28 376] tts        792  TTS_MSG_GETAUDIO  0  
[2023/03/14 01:50:28 377] tts        557  get audio|use local  
[2023/03/14 01:50:28 377] tts        599  0  nil  1  
[2023/03/14 01:50:28 377] tts        792  TTS_MSG_GETAUDIO  0  
[2023/03/14 01:50:28 377] tts        557  get audio|use local  
[2023/03/14 01:50:28 377] tts        599  0  nil  1  
[2023/03/14 01:50:28 377] tts        792  TTS_MSG_GETAUDIO  0  
[2023/03/14 01:50:28 378] tts        557  get audio|use local  
[2023/03/14 01:50:28 378] tts        599  0  nil  1  
[2023/03/14 01:50:28 378] tts        792  TTS_MSG_GETAUDIO  0  
[2023/03/14 01:50:28 378] tts        557  get audio|use local  
[2023/03/14 01:50:28 378] tts        599  0  nil  1  
[2023/03/14 01:50:28 379] tts        792  TTS_MSG_GETAUDIO  0  
[2023/03/14 01:50:28 380] tts        557  get audio|use local  
[2023/03/14 01:50:28 380] tts        599  0  nil  1  
[2023/03/14 01:50:28 380] tts        792  TTS_MSG_GETAUDIO  0  
[2023/03/14 01:50:28 381] tts        557  get audio|use local  
[2023/03/14 01:50:28 381] tts        599  0  nil  1  
[2023/03/14 01:50:28 382] tts        792  TTS_MSG_GETAUDIO  0  
[2023/03/14 01:50:28 382] tts        557  get audio|use local  
[2023/03/14 01:50:28 382] tts        599  0  nil  1  
[2023/03/14 01:50:28 384] tts        792  TTS_MSG_GETAUDIO  0  
[2023/03/14 01:50:28 384] tts        557  get audio|use local  
[2023/03/14 01:50:28 384] tts        599  0  nil  1  
[2023/03/14 01:50:28 385] tts        792  TTS_MSG_GETAUDIO  0  
[2023/03/14 01:50:28 385] tts        557  get audio|use local  
[2023/03/14 01:50:28 386] tts        599  0  nil  1  
[2023/03/14 01:50:28 388] tts        792  TTS_MSG_GETAUDIO  0  
[2023/03/14 01:50:28 389] tts        557  get audio|use local  
[2023/03/14 01:50:28 390] tts        599  0  nil  1  
[2023/03/14 01:50:28 394] tts        792  TTS_MSG_GETAUDIO  0  
[2023/03/14 01:50:28 394] tts        557  get audio|use local  
[2023/03/14 01:50:28 395] tts        599  0  nil  1  
[2023/03/14 01:50:28 396] tts        792  TTS_MSG_GETAUDIO  0  
[2023/03/14 01:50:28 396] tts        557  get audio|use local  
[2023/03/14 01:50:28 396] tts        599  0  nil  1  
[2023/03/14 01:50:28 398] tts        792  TTS_MSG_GETAUDIO  0  
[2023/03/14 01:50:28 398] tts        557  get audio|use local  
[2023/03/14 01:50:28 398] tts        599  0  nil  1  
[2023/03/14 01:50:28 399] tts        792  TTS_MSG_GETAUDIO  0  
[2023/03/14 01:50:28 399] tts        557  get audio|use local  
[2023/03/14 01:50:28 400] tts        599  0  nil  1  
[2023/03/14 01:50:28 401] tts        792  TTS_MSG_GETAUDIO  0  
[2023/03/14 01:50:28 401] tts        557  get audio|use local  
[2023/03/14 01:50:28 401] tts        599  0  nil  1  
[2023/03/14 01:50:28 403] tts        792  TTS_MSG_GETAUDIO  0  
[2023/03/14 01:50:28 403] tts        557  get audio|use local  
[2023/03/14 01:50:28 403] tts        599  0  nil  1  
[2023/03/14 01:50:28 405] tts        792  TTS_MSG_GETAUDIO  0  
[2023/03/14 01:50:28 405] tts        557  get audio|use local  
[2023/03/14 01:50:28 405] tts        599  0  nil  1  
[2023/03/14 01:50:28 407] tts        792  TTS_MSG_GETAUDIO  0  
[2023/03/14 01:50:28 407] tts        557  get audio|use local  
[2023/03/14 01:50:28 407] tts        599  0  nil  1  
[2023/03/14 01:50:28 409] tts        792  TTS_MSG_GETAUDIO  0  
[2023/03/14 01:50:28 409] tts        557  get audio|use local  
[2023/03/14 01:50:28 409] tts        599  0  nil  1  
[2023/03/14 01:50:28 410] tts        792  TTS_MSG_GETAUDIO  0  
[2023/03/14 01:50:28 411] tts        557  get audio|use local  
[2023/03/14 01:50:28 411] tts        599  0  nil  1  
[2023/03/14 01:50:28 413] tts        792  TTS_MSG_GETAUDIO  0  
[2023/03/14 01:50:28 413] tts        557  get audio|use local  
[2023/03/14 01:50:28 413] tts        599  0  nil  1  
[2023/03/14 01:50:28 415] tts        792  TTS_MSG_GETAUDIO  0  
[2023/03/14 01:50:28 415] tts        557  get audio|use local  
[2023/03/14 01:50:28 415] tts        599  0  nil  1  
[2023/03/14 01:50:28 417] tts        792  TTS_MSG_GETAUDIO  0  
[2023/03/14 01:50:28 417] tts        557  get audio|use local  
[2023/03/14 01:50:28 418] tts        599  0  nil  1  
[2023/03/14 01:50:28 420] tts        792  TTS_MSG_GETAUDIO  0  
[2023/03/14 01:50:28 420] tts        557  get audio|use local  
[2023/03/14 01:50:28 420] tts        599  0  nil  1  
[2023/03/14 01:50:28 423] tts        792  TTS_MSG_GETAUDIO  0  
[2023/03/14 01:50:28 423] tts        557  get audio|use local  
[2023/03/14 01:50:28 423] tts        599  0  nil  1  
[2023/03/14 01:50:28 423] tts        317  TTS_LOCAL_CB_OUTPUT  101  udata(fc06c9a8) 12  
[2023/03/14 01:50:28 424] tts        321  udata(fc06c9a8) 12  
[2023/03/14 01:50:28 424] tts        317  TTS_LOCAL_CB_OUTPUT  101  udata(fc072158) 12  
[2023/03/14 01:50:28 424] tts        321  udata(fc072158) 12  
[2023/03/14 01:50:28 424] tts        317  TTS_LOCAL_CB_OUTPUT  101  udata(fc0721f8) 12  
[2023/03/14 01:50:28 424] tts        321  udata(fc0721f8) 12  
[2023/03/14 01:50:28 424] tts        792  TTS_MSG_GETAUDIO  0  
[2023/03/14 01:50:28 424] tts        557  get audio|use local  
[2023/03/14 01:50:28 425] tts        570  local audiolen:  212  ,ced:  12  
[2023/03/14 01:50:28 425] tts        599  0  udata(fc071e38) 1  
[2023/03/14 01:50:28 426] tts        792  TTS_MSG_GETAUDIO  0  
[2023/03/14 01:50:28 426] tts        557  get audio|use local  
[2023/03/14 01:50:28 426] tts        570  local audiolen:  5668  ,ced:  12  
[2023/03/14 01:50:28 427] tts        599  0  udata(fc071a28) 1  
[2023/03/14 01:50:28 429] tts        317  TTS_LOCAL_CB_OUTPUT  101  udata(fc071b58) 12  
[2023/03/14 01:50:28 430] tts        321  udata(fc071b58) 12  
[2023/03/14 01:50:28 430] tts        792  TTS_MSG_GETAUDIO  0  
[2023/03/14 01:50:28 431] tts        557  get audio|use local  
[2023/03/14 01:50:28 431] tts        570  local audiolen:  7516  ,ced:  12  
[2023/03/14 01:50:28 431] tts        599  0  udata(fc071ed8) 1  
[2023/03/14 01:50:28 434] tts        792  TTS_MSG_GETAUDIO  0  
[2023/03/14 01:50:28 434] tts        557  get audio|use local  
[2023/03/14 01:50:28 434] tts        570  local audiolen:  7306  ,ced:  12  
[2023/03/14 01:50:28 434] tts        599  0  udata(fc071f28) 1  
[2023/03/14 01:50:28 440] tts        317  TTS_LOCAL_CB_OUTPUT  101  udata(fc071f78) 12  
[2023/03/14 01:50:28 442] tts        321  udata(fc071f78) 12  
[2023/03/14 01:50:28 461] tts        317  TTS_LOCAL_CB_OUTPUT  101  udata(fc072078) 12  
[2023/03/14 01:50:28 466] tts        321  udata(fc072078) 12  
[2023/03/14 01:50:28 473] tts        317  TTS_LOCAL_CB_OUTPUT  101  udata(fc072828) 12  
[2023/03/14 01:50:28 473] tts        321  udata(fc072828) 12  
[2023/03/14 01:50:28 473] tts        792  TTS_MSG_GETAUDIO  0  
[2023/03/14 01:50:28 474] tts        557  get audio|use local  
[2023/03/14 01:50:28 474] tts        570  local audiolen:  8450  ,ced:  12  
[2023/03/14 01:50:28 474] tts        599  0  udata(fc072928) 1  
[2023/03/14 01:50:28 476] tts        317  TTS_LOCAL_CB_OUTPUT  101  udata(fc072978) 12  
[2023/03/14 01:50:28 477] tts        321  udata(fc072978) 12  
[2023/03/14 01:50:28 478] tts        317  TTS_LOCAL_CB_OUTPUT  101  udata(fc072a78) 12  
[2023/03/14 01:50:28 478] tts        321  udata(fc072a78) 12  
[2023/03/14 01:50:28 480] tts        792  TTS_MSG_GETAUDIO  0  
[2023/03/14 01:50:28 480] tts        557  get audio|use local  
[2023/03/14 01:50:28 480] tts        570  local audiolen:  8268  ,ced:  12  
[2023/03/14 01:50:28 480] tts        599  0  udata(fc072b78) 1  
[2023/03/14 01:50:28 486] tts        317  TTS_LOCAL_CB_OUTPUT  101  udata(fc072bc8) 12  
[2023/03/14 01:50:28 486] tts        321  udata(fc072bc8) 12  
[2023/03/14 01:50:28 486] tts        317  TTS_LOCAL_CB_OUTPUT  101  udata(fc072cc8) 12  
[2023/03/14 01:50:28 487] tts        321  udata(fc072cc8) 12  
[2023/03/14 01:50:28 487] tts        317  TTS_LOCAL_CB_OUTPUT  101  udata(fc072dc8) 12  
[2023/03/14 01:50:28 488] tts        321  udata(fc072dc8) 12  
[2023/03/14 01:50:28 489] tts        317  TTS_LOCAL_CB_OUTPUT  101  udata(fc072ec8) 12  
[2023/03/14 01:50:28 489] tts        321  udata(fc072ec8) 12  
[2023/03/14 01:50:28 489] tts        317  TTS_LOCAL_CB_OUTPUT  101  udata(fc072fc8) 12  
[2023/03/14 01:50:28 489] tts        321  udata(fc072fc8) 12  
[2023/03/14 01:50:28 489] tts        792  TTS_MSG_GETAUDIO  0  
[2023/03/14 01:50:28 489] tts        557  get audio|use local  
[2023/03/14 01:50:28 489] tts        570  local audiolen:  512  ,ced:  12  
[2023/03/14 01:50:28 489] tts        599  0  udata(fc07f5b8) 1  
[2023/03/14 01:50:28 493] tts        317  TTS_LOCAL_CB_OUTPUT  101  udata(fc07f608) 12  
[2023/03/14 01:50:28 493] tts        321  udata(fc07f608) 12  
[2023/03/14 01:50:28 494] tts        317  TTS_LOCAL_CB_OUTPUT  101  udata(fc07f708) 12  
[2023/03/14 01:50:28 499] tts        321  udata(fc07f708) 12  
[2023/03/14 01:50:28 499] tts        317  TTS_LOCAL_CB_OUTPUT  101  udata(fc07f808) 12  
[2023/03/14 01:50:28 502] tts        321  udata(fc07f808) 12  
[2023/03/14 01:50:28 503] tts        317  TTS_LOCAL_CB_OUTPUT  101  udata(fc07f908) 12  
[2023/03/14 01:50:28 503] tts        321  udata(fc07f908) 12  
[2023/03/14 01:50:28 505] tts        317  TTS_LOCAL_CB_OUTPUT  101  udata(fc07fa08) 12  
[2023/03/14 01:50:28 505] tts        321  udata(fc07fa08) 12  
[2023/03/14 01:50:28 505] tts        317  TTS_LOCAL_CB_OUTPUT  101  udata(fc07fb08) 12  
[2023/03/14 01:50:28 505] tts        321  udata(fc07fb08) 12  
[2023/03/14 01:50:28 505] tts        317  TTS_LOCAL_CB_OUTPUT  101  udata(fc07fc08) 12  
[2023/03/14 01:50:28 505] tts        321  udata(fc07fc08) 12  
[2023/03/14 01:50:28 505] tts        317  TTS_LOCAL_CB_OUTPUT  101  udata(fc07fd08) 12  
[2023/03/14 01:50:28 505] tts        321  udata(fc07fd08) 12  
[2023/03/14 01:50:28 506] tts        317  TTS_LOCAL_CB_OUTPUT  101  udata(fc07fe08) 12  
[2023/03/14 01:50:28 506] tts        321  udata(fc07fe08) 12  
[2023/03/14 01:50:28 506] tts        792  TTS_MSG_GETAUDIO  0  
[2023/03/14 01:50:28 506] tts        557  get audio|use local  
[2023/03/14 01:50:28 506] tts        570  local audiolen:  512  ,ced:  12  
[2023/03/14 01:50:28 506] tts        599  0  udata(fc07ff08) 1  
[2023/03/14 01:50:28 509] tts        317  TTS_LOCAL_CB_OUTPUT  101  udata(fc07ff58) 12  
[2023/03/14 01:50:28 510] tts        321  udata(fc07ff58) 12  
[2023/03/14 01:50:28 511] tts        792  TTS_MSG_GETAUDIO  0  
[2023/03/14 01:50:28 512] tts        557  get audio|use local  
[2023/03/14 01:50:28 513] tts        570  local audiolen:  512  ,ced:  12  
[2023/03/14 01:50:28 514] tts        599  0  udata(fc0730c8) 1  
[2023/03/14 01:50:28 516] tts        792  TTS_MSG_GETAUDIO  0  
[2023/03/14 01:50:28 516] tts        557  get audio|use local  
[2023/03/14 01:50:28 518] tts        570  local audiolen:  512  ,ced:  12  
[2023/03/14 01:50:28 518] tts        599  0  udata(fc073118) 1  
[2023/03/14 01:50:28 521] tts        792  TTS_MSG_GETAUDIO  0  
[2023/03/14 01:50:28 522] tts        557  get audio|use local  
[2023/03/14 01:50:28 524] tts        570  local audiolen:  512  ,ced:  12  
[2023/03/14 01:50:28 525] tts        599  0  udata(fc073168) 1  
[2023/03/14 01:50:28 527] tts        317  TTS_LOCAL_CB_OUTPUT  101  udata(fc0731b8) 12  
[2023/03/14 01:50:28 528] tts        321  udata(fc0731b8) 12  
[2023/03/14 01:50:28 528] tts        792  TTS_MSG_GETAUDIO  0  
[2023/03/14 01:50:28 528] tts        557  get audio|use local  
[2023/03/14 01:50:28 529] tts        570  local audiolen:  512  ,ced:  12  
[2023/03/14 01:50:28 529] tts        599  0  udata(fc07ef28) 1  
[2023/03/14 01:50:28 532] tts        792  TTS_MSG_GETAUDIO  0  
[2023/03/14 01:50:28 532] tts        557  get audio|use local  
[2023/03/14 01:50:28 534] tts        570  local audiolen:  512  ,ced:  12  
[2023/03/14 01:50:28 535] tts        599  0  udata(fc07ef78) 1  
[2023/03/14 01:50:28 536] tts        317  TTS_LOCAL_CB_OUTPUT  101  udata(fc07efc8) 29  
[2023/03/14 01:50:28 537] tts        321  udata(fc07efc8) 29  
[2023/03/14 01:50:28 537] tts        317  TTS_LOCAL_CB_OUTPUT  101  udata(fc07f0c8) 29  
[2023/03/14 01:50:28 537] tts        321  udata(fc07f0c8) 29  
[2023/03/14 01:50:28 538] tts        317  TTS_LOCAL_CB_OUTPUT  101  udata(fc07f1c8) 29  
[2023/03/14 01:50:28 538] tts        321  udata(fc07f1c8) 29  
[2023/03/14 01:50:28 539] tts        317  TTS_LOCAL_CB_OUTPUT  101  udata(fc07f2c8) 29  
[2023/03/14 01:50:28 539] tts        321  udata(fc07f2c8) 29  
[2023/03/14 01:50:28 540] tts        317  TTS_LOCAL_CB_OUTPUT  101  udata(fc0800b8) 29  
[2023/03/14 01:50:28 540] tts        321  udata(fc0800b8) 29  
[2023/03/14 01:50:28 541] tts        317  TTS_LOCAL_CB_OUTPUT  101  udata(fc0801b8) 29  
[2023/03/14 01:50:28 541] tts        321  udata(fc0801b8) 29  
[2023/03/14 01:50:28 541] tts        303  0  0  
[2023/03/14 01:50:28 542] tts        314  TTS_LOCAL_CB_END,  2  
[2023/03/14 01:50:28 542] tts        792  TTS_MSG_GETAUDIO  0  
[2023/03/14 01:50:28 542] tts        557  get audio|use local  
[2023/03/14 01:50:28 543] tts        570  local audiolen:  512  ,ced:  12  
[2023/03/14 01:50:28 543] tts        599  0  udata(fc080458) 1  
[2023/03/14 01:50:28 545] tts        792  TTS_MSG_GETAUDIO  0  
[2023/03/14 01:50:28 545] tts        557  get audio|use local  
[2023/03/14 01:50:28 546] tts        570  local audiolen:  512  ,ced:  12  
[2023/03/14 01:50:28 546] tts        599  0  udata(fc0804a8) 1  
[2023/03/14 01:50:28 546] tts        792  TTS_MSG_GETAUDIO  0  
[2023/03/14 01:50:28 547] tts        557  get audio|use local  
[2023/03/14 01:50:28 547] tts        570  local audiolen:  512  ,ced:  12  
[2023/03/14 01:50:28 547] tts        599  0  udata(fc0804f8) 1  
[2023/03/14 01:50:28 548] tts        792  TTS_MSG_GETAUDIO  0  
[2023/03/14 01:50:28 548] tts        557  get audio|use local  
[2023/03/14 01:50:28 549] tts        570  local audiolen:  512  ,ced:  12  
[2023/03/14 01:50:28 549] tts        599  0  udata(fc080548) 1  
[2023/03/14 01:50:28 550] tts        792  TTS_MSG_GETAUDIO  0  
[2023/03/14 01:50:28 551] tts        557  get audio|use local  
[2023/03/14 01:50:28 551] tts        570  local audiolen:  512  ,ced:  12  
[2023/03/14 01:50:28 551] tts        599  0  udata(fc080598) 1  
[2023/03/14 01:50:28 552] tts        792  TTS_MSG_GETAUDIO  0  
[2023/03/14 01:50:28 553] tts        557  get audio|use local  
[2023/03/14 01:50:28 553] tts        570  local audiolen:  512  ,ced:  12  
[2023/03/14 01:50:28 553] tts        599  0  udata(fc0805e8) 1  
[2023/03/14 01:50:28 555] tts        792  TTS_MSG_GETAUDIO  0  
[2023/03/14 01:50:28 555] tts        557  get audio|use local  
[2023/03/14 01:50:28 555] tts        570  local audiolen:  512  ,ced:  12  
[2023/03/14 01:50:28 555] tts        599  0  udata(fc080638) 1  
[2023/03/14 01:50:28 557] tts        792  TTS_MSG_GETAUDIO  0  
[2023/03/14 01:50:28 557] tts        557  get audio|use local  
[2023/03/14 01:50:28 557] tts        570  local audiolen:  512  ,ced:  12  
[2023/03/14 01:50:28 557] tts        599  0  udata(fc080688) 1  
[2023/03/14 01:50:28 559] tts        792  TTS_MSG_GETAUDIO  0  
[2023/03/14 01:50:28 559] tts        557  get audio|use local  
[2023/03/14 01:50:28 559] tts        570  local audiolen:  512  ,ced:  12  
[2023/03/14 01:50:28 560] tts        599  0  udata(fc081c58) 1  
[2023/03/14 01:50:28 561] tts        792  TTS_MSG_GETAUDIO  0  
[2023/03/14 01:50:28 562] tts        557  get audio|use local  
[2023/03/14 01:50:28 562] tts        570  local audiolen:  512  ,ced:  12  
[2023/03/14 01:50:28 562] tts        599  0  udata(fc081ca8) 1  
[2023/03/14 01:50:28 563] tts        792  TTS_MSG_GETAUDIO  0  
[2023/03/14 01:50:28 564] tts        557  get audio|use local  
[2023/03/14 01:50:28 564] tts        570  local audiolen:  512  ,ced:  12  
[2023/03/14 01:50:28 564] tts        599  0  udata(fc081cf8) 1  
[2023/03/14 01:50:28 565] tts        792  TTS_MSG_GETAUDIO  0  
[2023/03/14 01:50:28 565] tts        557  get audio|use local  
[2023/03/14 01:50:28 566] tts        570  local audiolen:  160  ,ced:  12  
[2023/03/14 01:50:28 566] tts        599  0  udata(fc081df8) 1  
[2023/03/14 01:50:28 567] tts        792  TTS_MSG_GETAUDIO  0  
[2023/03/14 01:50:28 567] tts        557  get audio|use local  
[2023/03/14 01:50:28 568] tts        570  local audiolen:  212  ,ced:  29  
[2023/03/14 01:50:28 568] tts        599  0  udata(fc081e48) 1  
[2023/03/14 01:50:28 569] tts        792  TTS_MSG_GETAUDIO  0  
[2023/03/14 01:50:28 569] tts        557  get audio|use local  
[2023/03/14 01:50:28 569] tts        570  local audiolen:  6532  ,ced:  29  
[2023/03/14 01:50:28 569] tts        599  0  udata(fc081e98) 1  
[2023/03/14 01:50:28 571] tts        792  TTS_MSG_GETAUDIO  0  
[2023/03/14 01:50:28 571] tts        557  get audio|use local  
[2023/03/14 01:50:28 571] tts        570  local audiolen:  6278  ,ced:  29  
[2023/03/14 01:50:28 572] tts        599  0  udata(fc081ee8) 1  
[2023/03/14 01:50:28 573] tts        792  TTS_MSG_GETAUDIO  0  
[2023/03/14 01:50:28 573] tts        557  get audio|use local  
[2023/03/14 01:50:28 574] tts        570  local audiolen:  10664  ,ced:  29  
[2023/03/14 01:50:28 574] tts        599  0  udata(fc081f38) 1  
[2023/03/14 01:50:28 575] tts        792  TTS_MSG_GETAUDIO  0  
[2023/03/14 01:50:28 576] tts        557  get audio|use local  
[2023/03/14 01:50:28 576] tts        570  local audiolen:  7182  ,ced:  29  
[2023/03/14 01:50:28 576] tts        599  0  udata(fc081f88) 1  
[2023/03/14 01:50:28 578] tts        792  TTS_MSG_GETAUDIO  0  
[2023/03/14 01:50:28 579] tts        557  get audio|use local  
[2023/03/14 01:50:28 579] tts        570  local audiolen:  8866  ,ced:  29  
[2023/03/14 01:50:28 579] tts        599  0  udata(fc081fd8) 2  
[2023/03/14 01:50:28 582] tts        795  TTS_MSG_SSE  
[2023/03/14 01:50:28 583] tts        693  sse|use local  
[2023/03/14 01:50:28 584] tts        711  tts exit  
[2023/03/14 01:50:28 585] tts        802  SYS_MSG_UNLOAD  
