============================================================
Time  2023/03/13 19:17:30 139 
============================================================
[2023/03/13 19:17:30 139] tts        811  SYS_MSG_REGCB param0 =  msp_status_cb  param1 =  func(50008640) 
[2023/03/13 19:17:30 140] config     43   use general cloud  
[2023/03/13 19:17:30 141] tts_cloud  1438 SYS_MSG_REGCB_CLOUD param0 =   msp_status_cb  param1 =  func(50008640) 
[2023/03/13 19:17:30 142] tts        782  TTS_MSG_SSB  
[2023/03/13 19:17:30 142] tts        434  params =  engine_type = local,voice_name=xiaoyan, text_encoding = UTF8, tts_res_path = fo|res/tts/xiaoyan.jet;fo|res/tts/common.jet, sample_rate = 16000, speed = 50, volume = 50, pitch = 50, rdn = 2  
[2023/03/13 19:17:30 142] tts        273  auf=audio/L16;rate=16000  
[2023/03/13 19:17:30 142] tts        273  auf=audio/L16;rate=16000  
[2023/03/13 19:17:30 142] tts        471  ssb|use local  
[2023/03/13 19:17:30 142] tts        385  local_session_begin  
[2023/03/13 19:17:30 144] tts        789  TTS_MSG_SYN  0  
[2023/03/13 19:17:30 144] tts        514  synth|use local  
[2023/03/13 19:17:30 145] tts        792  TTS_MSG_GETAUDIO  0  
[2023/03/13 19:17:30 145] tts        557  get audio|use local  
[2023/03/13 19:17:30 145] tts        599  0  nil  1  
[2023/03/13 19:17:30 146] tts        792  TTS_MSG_GETAUDIO  0  
[2023/03/13 19:17:30 146] tts        557  get audio|use local  
[2023/03/13 19:17:30 146] tts        599  0  nil  1  
[2023/03/13 19:17:30 147] tts        792  TTS_MSG_GETAUDIO  0  
[2023/03/13 19:17:30 153] tts        557  get audio|use local  
[2023/03/13 19:17:30 153] tts        599  0  nil  1  
[2023/03/13 19:17:30 154] tts        301  TTS_LOCAL_CB_BEGIN  
[2023/03/13 19:17:30 155] tts        792  TTS_MSG_GETAUDIO  0  
[2023/03/13 19:17:30 155] tts        557  get audio|use local  
[2023/03/13 19:17:30 155] tts        599  0  nil  1  
[2023/03/13 19:17:30 156] tts        317  TTS_LOCAL_CB_OUTPUT  101  udata(50086668) 17  
[2023/03/13 19:17:30 156] tts        321  udata(50086668) 17  
[2023/03/13 19:17:30 156] tts        317  TTS_LOCAL_CB_OUTPUT  101  udata(500867f8) 17  
[2023/03/13 19:17:30 156] tts        321  udata(500867f8) 17  
[2023/03/13 19:17:30 157] tts        317  TTS_LOCAL_CB_OUTPUT  101  udata(50086a68) 17  
[2023/03/13 19:17:30 157] tts        321  udata(50086a68) 17  
[2023/03/13 19:17:30 157] tts        317  TTS_LOCAL_CB_OUTPUT  101  udata(50086b68) 17  
[2023/03/13 19:17:30 157] tts        321  udata(50086b68) 17  
[2023/03/13 19:17:30 157] tts        317  TTS_LOCAL_CB_OUTPUT  101  udata(50086c68) 17  
[2023/03/13 19:17:30 157] tts        321  udata(50086c68) 17  
[2023/03/13 19:17:30 158] tts        317  TTS_LOCAL_CB_OUTPUT  101  udata(50086d68) 17  
[2023/03/13 19:17:30 158] tts        321  udata(50086d68) 17  
[2023/03/13 19:17:30 158] tts        303  0  0  
[2023/03/13 19:17:30 158] tts        314  TTS_LOCAL_CB_END,  2  
[2023/03/13 19:17:30 158] tts        792  TTS_MSG_GETAUDIO  0  
[2023/03/13 19:17:30 158] tts        557  get audio|use local  
[2023/03/13 19:17:30 158] tts        570  local audiolen:  210  ,ced:  17  
[2023/03/13 19:17:30 158] tts        599  0  udata(50087108) 1  
[2023/03/13 19:17:30 158] tts        792  TTS_MSG_GETAUDIO  0  
[2023/03/13 19:17:30 158] tts        557  get audio|use local  
[2023/03/13 19:17:30 158] tts        570  local audiolen:  6952  ,ced:  17  
[2023/03/13 19:17:30 158] tts        599  0  udata(50086958) 1  
[2023/03/13 19:17:30 159] tts        792  TTS_MSG_GETAUDIO  0  
[2023/03/13 19:17:30 159] tts        557  get audio|use local  
[2023/03/13 19:17:30 159] tts        570  local audiolen:  12280  ,ced:  17  
[2023/03/13 19:17:30 159] tts        599  0  udata(50063698) 1  
[2023/03/13 19:17:30 159] tts        792  TTS_MSG_GETAUDIO  0  
[2023/03/13 19:17:30 159] tts        557  get audio|use local  
[2023/03/13 19:17:30 159] tts        570  local audiolen:  13082  ,ced:  17  
[2023/03/13 19:17:30 159] tts        599  0  udata(50087158) 1  
[2023/03/13 19:17:30 159] tts        792  TTS_MSG_GETAUDIO  0  
[2023/03/13 19:17:30 159] tts        557  get audio|use local  
[2023/03/13 19:17:30 159] tts        570  local audiolen:  6880  ,ced:  17  
[2023/03/13 19:17:30 159] tts        599  0  udata(500871a8) 1  
[2023/03/13 19:17:30 160] tts        792  TTS_MSG_GETAUDIO  0  
[2023/03/13 19:17:30 160] tts        557  get audio|use local  
[2023/03/13 19:17:30 160] tts        570  local audiolen:  8074  ,ced:  17  
[2023/03/13 19:17:30 160] tts        599  0  udata(500871f8) 2  
[2023/03/13 19:17:30 160] tts        795  TTS_MSG_SSE  
[2023/03/13 19:17:30 161] tts        693  sse|use local  
[2023/03/13 19:17:30 162] tts        711  tts exit  
