============================================================
Time  2023/03/13 19:16:17 686 
============================================================
[2023/03/13 19:16:17 686] lgi        684  SYS_MSG_LOAD  
[2023/03/13 19:16:17 687] lgi        706  SYS_MSG_REGCB  msp_status_cb  func(28013960) 
[2023/03/13 19:16:17 687] lgi        298  LGI_MSG_INIT  
[2023/03/13 19:16:17 687] lgi        305  lgi  lgi_  268436457  1573451739  
[2023/03/13 19:16:17 687] lgi        347  work_dir  .  
[2023/03/13 19:16:17 687] lgi        403  token:  nil  
[2023/03/13 19:16:17 687] lgi        476  msc cver : 5.0.44.1288  
[2023/03/13 19:16:17 687] lgi        519  ns_enable=  1  
[2023/03/13 19:16:17 687] lgi        531  prot_ver=1  
[2023/03/13 19:16:17 687] lgi        542  prot_type=tcp  
[2023/03/13 19:16:17 688] lgi        693  SYS_MSG_UNLOAD  go bg!  
============================================================
Time  2023/03/13 19:16:57 001 
============================================================
[2023/03/13 19:16:57 001] lgi        684  SYS_MSG_LOAD  
[2023/03/13 19:16:57 001] lgi        706  SYS_MSG_REGCB  msp_status_cb  func(540537a0) 
[2023/03/13 19:16:57 002] lgi        298  LGI_MSG_INIT  
[2023/03/13 19:16:57 002] lgi        305  lgi  lgi_  268436457  1573451739  
[2023/03/13 19:16:57 002] lgi        347  work_dir  .  
[2023/03/13 19:16:57 002] lgi        403  token:  nil  
[2023/03/13 19:16:57 002] lgi        476  msc cver : 5.0.44.1288  
[2023/03/13 19:16:57 002] lgi        519  ns_enable=  1  
[2023/03/13 19:16:57 002] lgi        531  prot_ver=1  
[2023/03/13 19:16:57 002] lgi        542  prot_type=tcp  
[2023/03/13 19:16:57 004] lgi        693  SYS_MSG_UNLOAD  go bg!  
============================================================
Time  2023/03/13 23:43:20 867 
============================================================
[2023/03/13 23:43:20 867] lgi        684  SYS_MSG_LOAD  
[2023/03/13 23:43:20 867] lgi        706  SYS_MSG_REGCB  msp_status_cb  func(600139a0) 
[2023/03/13 23:43:20 867] lgi        298  LGI_MSG_INIT  
[2023/03/13 23:43:20 867] lgi        305  lgi  lgi_  268436457  1573451739  
[2023/03/13 23:43:20 868] lgi        347  work_dir  .  
[2023/03/13 23:43:20 868] lgi        403  token:  nil  
[2023/03/13 23:43:20 868] lgi        476  msc cver : 5.0.44.1288  
[2023/03/13 23:43:20 868] lgi        519  ns_enable=  1  
[2023/03/13 23:43:20 868] lgi        531  prot_ver=1  
[2023/03/13 23:43:20 868] lgi        542  prot_type=tcp  
[2023/03/13 23:43:20 868] lgi        693  SYS_MSG_UNLOAD  go bg!  
============================================================
Time  2023/03/14 00:54:41 723 
============================================================
[2023/03/14 00:54:41 723] lgi        684  SYS_MSG_LOAD  
[2023/03/14 00:54:41 728] lgi        706  SYS_MSG_REGCB  msp_status_cb  func(640139a0) 
[2023/03/14 00:54:41 734] lgi        298  LGI_MSG_INIT  
[2023/03/14 00:54:41 735] lgi        305  lgi  lgi_  268436457  1573451739  
[2023/03/14 00:54:41 735] lgi        347  work_dir  .  
[2023/03/14 00:54:41 736] lgi        403  token:  nil  
[2023/03/14 00:54:41 737] lgi        476  msc cver : 5.0.44.1288  
[2023/03/14 00:54:41 742] lgi        519  ns_enable=  1  
[2023/03/14 00:54:41 742] lgi        531  prot_ver=1  
[2023/03/14 00:54:41 742] lgi        542  prot_type=tcp  
[2023/03/14 00:54:41 743] lgi        693  SYS_MSG_UNLOAD  go bg!  
============================================================
Time  2023/03/14 00:55:53 416 
============================================================
[2023/03/14 00:55:53 416] lgi        684  SYS_MSG_LOAD  
[2023/03/14 00:55:53 418] lgi        706  SYS_MSG_REGCB  msp_status_cb  func(ac0139a0) 
[2023/03/14 00:55:53 419] lgi        298  LGI_MSG_INIT  
[2023/03/14 00:55:53 419] lgi        305  lgi  lgi_  268436457  1573451739  
[2023/03/14 00:55:53 419] lgi        347  work_dir  .  
[2023/03/14 00:55:53 419] lgi        403  token:  nil  
[2023/03/14 00:55:53 419] lgi        476  msc cver : 5.0.44.1288  
[2023/03/14 00:55:53 419] lgi        519  ns_enable=  1  
[2023/03/14 00:55:53 419] lgi        531  prot_ver=1  
[2023/03/14 00:55:53 420] lgi        542  prot_type=tcp  
[2023/03/14 00:55:53 420] lgi        693  SYS_MSG_UNLOAD  go bg!  
============================================================
Time  2023/03/14 01:50:05 730 
============================================================
[2023/03/14 01:50:05 730] lgi        684  SYS_MSG_LOAD  
[2023/03/14 01:50:05 731] lgi        706  SYS_MSG_REGCB  msp_status_cb  func(f00139a0) 
[2023/03/14 01:50:05 731] lgi        298  LGI_MSG_INIT  
[2023/03/14 01:50:05 732] lgi        305  lgi  lgi_  268436457  1573451739  
[2023/03/14 01:50:05 732] lgi        347  work_dir  .  
[2023/03/14 01:50:05 732] lgi        403  token:  nil  
[2023/03/14 01:50:05 732] lgi        476  msc cver : 5.0.44.1288  
[2023/03/14 01:50:05 732] lgi        519  ns_enable=  1  
[2023/03/14 01:50:05 732] lgi        531  prot_ver=1  
[2023/03/14 01:50:05 732] lgi        542  prot_type=tcp  
[2023/03/14 01:50:05 733] lgi        693  SYS_MSG_UNLOAD  go bg!  
============================================================
Time  2023/03/14 01:53:37 582 
============================================================
[2023/03/14 01:53:37 583] lgi        684  SYS_MSG_LOAD  
[2023/03/14 01:53:37 584] lgi        706  SYS_MSG_REGCB  msp_status_cb  func(200139a0) 
[2023/03/14 01:53:37 584] lgi        298  LGI_MSG_INIT  
[2023/03/14 01:53:37 585] lgi        305  lgi  lgi_  268436457  1573451739  
[2023/03/14 01:53:37 585] lgi        347  work_dir  .  
[2023/03/14 01:53:37 585] lgi        403  token:  nil  
[2023/03/14 01:53:37 585] lgi        476  msc cver : 5.0.44.1288  
[2023/03/14 01:53:37 585] lgi        519  ns_enable=  1  
[2023/03/14 01:53:37 585] lgi        531  prot_ver=1  
[2023/03/14 01:53:37 585] lgi        542  prot_type=tcp  
[2023/03/14 01:53:37 586] lgi        693  SYS_MSG_UNLOAD  go bg!  
============================================================
Time  2023/03/14 01:55:59 624 
============================================================
[2023/03/14 01:55:59 624] lgi        684  SYS_MSG_LOAD  
[2023/03/14 01:55:59 625] lgi        706  SYS_MSG_REGCB  msp_status_cb  func(200139a0) 
[2023/03/14 01:55:59 625] lgi        298  LGI_MSG_INIT  
[2023/03/14 01:55:59 625] lgi        305  lgi  lgi_  268436457  1573451739  
[2023/03/14 01:55:59 625] lgi        347  work_dir  .  
[2023/03/14 01:55:59 625] lgi        403  token:  nil  
[2023/03/14 01:55:59 626] lgi        476  msc cver : 5.0.44.1288  
[2023/03/14 01:55:59 626] lgi        519  ns_enable=  1  
[2023/03/14 01:55:59 626] lgi        531  prot_ver=1  
[2023/03/14 01:55:59 626] lgi        542  prot_type=tcp  
[2023/03/14 01:55:59 633] lgi        693  SYS_MSG_UNLOAD  go bg!  
============================================================
Time  2023/03/14 02:04:08 850 
============================================================
[2023/03/14 02:04:08 850] lgi        684  SYS_MSG_LOAD  
[2023/03/14 02:04:08 851] lgi        706  SYS_MSG_REGCB  msp_status_cb  func(280139a0) 
[2023/03/14 02:04:08 851] lgi        298  LGI_MSG_INIT  
[2023/03/14 02:04:08 851] lgi        305  lgi  lgi_  268436457  1573451739  
[2023/03/14 02:04:08 852] lgi        347  work_dir  .  
[2023/03/14 02:04:08 852] lgi        403  token:  nil  
[2023/03/14 02:04:08 852] lgi        476  msc cver : 5.0.44.1288  
[2023/03/14 02:04:08 852] lgi        519  ns_enable=  1  
[2023/03/14 02:04:08 852] lgi        531  prot_ver=1  
[2023/03/14 02:04:08 852] lgi        542  prot_type=tcp  
[2023/03/14 02:04:08 853] lgi        693  SYS_MSG_UNLOAD  go bg!  
============================================================
Time  2023/03/14 02:07:26 668 
============================================================
[2023/03/14 02:07:26 668] lgi        684  SYS_MSG_LOAD  
[2023/03/14 02:07:26 669] lgi        706  SYS_MSG_REGCB  msp_status_cb  func(2c0139a0) 
[2023/03/14 02:07:26 669] lgi        298  LGI_MSG_INIT  
[2023/03/14 02:07:26 670] lgi        305  lgi  lgi_  268436457  1573451739  
[2023/03/14 02:07:26 671] lgi        347  work_dir  .  
[2023/03/14 02:07:26 671] lgi        403  token:  nil  
[2023/03/14 02:07:26 671] lgi        476  msc cver : 5.0.44.1288  
[2023/03/14 02:07:26 676] lgi        519  ns_enable=  1  
[2023/03/14 02:07:26 676] lgi        531  prot_ver=1  
[2023/03/14 02:07:26 676] lgi        542  prot_type=tcp  
[2023/03/14 02:07:26 687] lgi        693  SYS_MSG_UNLOAD  go bg!  
